<?xml version="1.0" encoding="UTF-8"?>
<robot generator="Robot 7.3.2 (Python 3.12.5 on darwin)" generated="2025-11-11T16:25:43.512056" rpa="false" schemaversion="5">
<suite id="s1" name="Tests" source="/Users/Omistaja/palautusrepositorio/viikko3/hello-robot/src/tests">
<suite id="s1-s1" name="Increase Counter" source="/Users/Omistaja/palautusrepositorio/viikko3/hello-robot/src/tests/increase_counter.robot">
<test id="s1-s1-t1" name="Increase Counter Once" line="5">
<kw name="Counter Value Should Be" owner="CounterLibrary">
<arg>0</arg>
<status status="PASS" start="2025-11-11T16:25:43.525889" elapsed="0.000058"/>
</kw>
<kw name="Increase Counter" owner="CounterLibrary">
<status status="PASS" start="2025-11-11T16:25:43.526024" elapsed="0.000035"/>
</kw>
<kw name="Counter Value Should Be" owner="CounterLibrary">
<arg>1</arg>
<status status="PASS" start="2025-11-11T16:25:43.526096" elapsed="0.000030"/>
</kw>
<status status="PASS" start="2025-11-11T16:25:43.525639" elapsed="0.000532"/>
</test>
<test id="s1-s1-t2" name="Increase Counter Many Times" line="10">
<kw name="Counter Value Should Be" owner="CounterLibrary">
<arg>0</arg>
<status status="PASS" start="2025-11-11T16:25:43.526323" elapsed="0.000035"/>
</kw>
<kw name="Increase Counter" owner="CounterLibrary">
<status status="PASS" start="2025-11-11T16:25:43.526391" elapsed="0.000024"/>
</kw>
<kw name="Increase Counter" owner="CounterLibrary">
<status status="PASS" start="2025-11-11T16:25:43.526443" elapsed="0.000022"/>
</kw>
<kw name="Increase Counter" owner="CounterLibrary">
<status status="PASS" start="2025-11-11T16:25:43.526491" elapsed="0.000022"/>
</kw>
<kw name="Counter Value Should Be" owner="CounterLibrary">
<arg>3</arg>
<status status="PASS" start="2025-11-11T16:25:43.526539" elapsed="0.000025"/>
</kw>
<status status="PASS" start="2025-11-11T16:25:43.526235" elapsed="0.000365"/>
</test>
<test id="s1-s1-t3" name="Increment Counter By Amount" line="17">
<kw name="Counter Value Should Be" owner="CounterLibrary">
<arg>0</arg>
<status status="PASS" start="2025-11-11T16:25:43.526732" elapsed="0.000030"/>
</kw>
<kw name="Increment Counter By" owner="CounterLibrary">
<arg>5</arg>
<status status="PASS" start="2025-11-11T16:25:43.526792" elapsed="0.000024"/>
</kw>
<kw name="Counter Value Should Be" owner="CounterLibrary">
<arg>5</arg>
<status status="PASS" start="2025-11-11T16:25:43.526844" elapsed="0.000023"/>
</kw>
<status status="PASS" start="2025-11-11T16:25:43.526653" elapsed="0.000247"/>
</test>
<status status="PASS" start="2025-11-11T16:25:43.524232" elapsed="0.002779"/>
</suite>
<suite id="s1-s2" name="Reset Counter" source="/Users/Omistaja/palautusrepositorio/viikko3/hello-robot/src/tests/reset_counter.robot">
<test id="s1-s2-t1" name="Reset Counter After One Increment" line="5">
<kw name="Counter Value Should Be" owner="CounterLibrary">
<arg>0</arg>
<status status="PASS" start="2025-11-11T16:25:43.527606" elapsed="0.000032"/>
</kw>
<kw name="Increase Counter" owner="CounterLibrary">
<status status="PASS" start="2025-11-11T16:25:43.527669" elapsed="0.000022"/>
</kw>
<kw name="Counter Value Should Be" owner="CounterLibrary">
<arg>1</arg>
<status status="PASS" start="2025-11-11T16:25:43.527717" elapsed="0.000023"/>
</kw>
<kw name="Reset Counter" owner="CounterLibrary">
<status status="PASS" start="2025-11-11T16:25:43.527767" elapsed="0.000021"/>
</kw>
<kw name="Counter Value Should Be" owner="CounterLibrary">
<arg>0</arg>
<status status="PASS" start="2025-11-11T16:25:43.527815" elapsed="0.000025"/>
</kw>
<status status="PASS" start="2025-11-11T16:25:43.527516" elapsed="0.000357"/>
</test>
<test id="s1-s2-t2" name="Reset Counter After Several Increments" line="12">
<kw name="Counter Value Should Be" owner="CounterLibrary">
<arg>0</arg>
<status status="PASS" start="2025-11-11T16:25:43.528001" elapsed="0.000085"/>
</kw>
<kw name="Increment Counter By" owner="CounterLibrary">
<arg>5</arg>
<status status="PASS" start="2025-11-11T16:25:43.528119" elapsed="0.000026"/>
</kw>
<kw name="Counter Value Should Be" owner="CounterLibrary">
<arg>5</arg>
<status status="PASS" start="2025-11-11T16:25:43.528174" elapsed="0.000023"/>
</kw>
<kw name="Reset Counter" owner="CounterLibrary">
<status status="PASS" start="2025-11-11T16:25:43.528225" elapsed="0.000021"/>
</kw>
<kw name="Counter Value Should Be" owner="CounterLibrary">
<arg>0</arg>
<status status="PASS" start="2025-11-11T16:25:43.528274" elapsed="0.000023"/>
</kw>
<status status="PASS" start="2025-11-11T16:25:43.527922" elapsed="0.000407"/>
</test>
<status status="PASS" start="2025-11-11T16:25:43.527128" elapsed="0.001267"/>
</suite>
<status status="PASS" start="2025-11-11T16:25:43.512666" elapsed="0.015853"/>
</suite>
<statistics>
<total>
<stat pass="5" fail="0" skip="0">All Tests</stat>
</total>
<tag>
</tag>
<suite>
<stat name="Tests" id="s1" pass="5" fail="0" skip="0">Tests</stat>
<stat name="Increase Counter" id="s1-s1" pass="3" fail="0" skip="0">Tests.Increase Counter</stat>
<stat name="Reset Counter" id="s1-s2" pass="2" fail="0" skip="0">Tests.Reset Counter</stat>
</suite>
</statistics>
<errors>
</errors>
</robot>
